[10-Sep-2018 21:28:21 UTC] PHP Parse error:  syntax error, unexpected '}', expecting ',' or ';' in /home/ubuntu/workspace/cst336/Labs/lab2/index.php on line 12
[10-Sep-2018 21:28:23 UTC] PHP Parse error:  syntax error, unexpected '}', expecting ',' or ';' in /home/ubuntu/workspace/cst336/Labs/lab2/index.php on line 12
[12-Sep-2018 22:22:38 UTC] PHP Parse error:  syntax error, unexpected end of file in /home/ubuntu/workspace/cst336/Labs/lab2/inc/functions.php on line 40
[12-Sep-2018 22:22:38 UTC] PHP Stack trace:
[12-Sep-2018 22:22:38 UTC] PHP   1. {main}() /home/ubuntu/workspace/cst336/Labs/lab2/index.php:0
[12-Sep-2018 22:22:42 UTC] PHP Parse error:  syntax error, unexpected end of file in /home/ubuntu/workspace/cst336/Labs/lab2/inc/functions.php on line 40
[12-Sep-2018 22:22:42 UTC] PHP Stack trace:
[12-Sep-2018 22:22:42 UTC] PHP   1. {main}() /home/ubuntu/workspace/cst336/Labs/lab2/index.php:0
[12-Sep-2018 22:22:42 UTC] PHP Parse error:  syntax error, unexpected end of file in /home/ubuntu/workspace/cst336/Labs/lab2/inc/functions.php on line 40
[12-Sep-2018 22:22:42 UTC] PHP Stack trace:
[12-Sep-2018 22:22:42 UTC] PHP   1. {main}() /home/ubuntu/workspace/cst336/Labs/lab2/index.php:0
[12-Sep-2018 22:22:42 UTC] PHP Parse error:  syntax error, unexpected end of file in /home/ubuntu/workspace/cst336/Labs/lab2/inc/functions.php on line 40
[12-Sep-2018 22:22:42 UTC] PHP Stack trace:
[12-Sep-2018 22:22:42 UTC] PHP   1. {main}() /home/ubuntu/workspace/cst336/Labs/lab2/index.php:0
[12-Sep-2018 22:22:43 UTC] PHP Parse error:  syntax error, unexpected end of file in /home/ubuntu/workspace/cst336/Labs/lab2/inc/functions.php on line 40
[12-Sep-2018 22:22:43 UTC] PHP Stack trace:
[12-Sep-2018 22:22:43 UTC] PHP   1. {main}() /home/ubuntu/workspace/cst336/Labs/lab2/index.php:0
[12-Sep-2018 22:27:04 UTC] PHP Parse error:  syntax error, unexpected end of file in /home/ubuntu/workspace/cst336/Labs/lab2/inc/functions.php on line 40
[12-Sep-2018 22:27:04 UTC] PHP Stack trace:
[12-Sep-2018 22:27:04 UTC] PHP   1. {main}() /home/ubuntu/workspace/cst336/Labs/lab2/index.php:0
[17-Sep-2018 21:02:15 UTC] PHP Parse error:  syntax error, unexpected end of file in /home/ubuntu/workspace/cst336/Labs/lab2/inc/functions.php on line 40
[17-Sep-2018 21:02:15 UTC] PHP Stack trace:
[17-Sep-2018 21:02:15 UTC] PHP   1. {main}() /home/ubuntu/workspace/cst336/Labs/lab2/index.php:0
[17-Sep-2018 21:04:36 UTC] PHP Parse error:  syntax error, unexpected end of file in /home/ubuntu/workspace/cst336/Labs/lab2/inc/functions.php on line 40
[17-Sep-2018 21:04:36 UTC] PHP Stack trace:
[17-Sep-2018 21:04:36 UTC] PHP   1. {main}() /home/ubuntu/workspace/cst336/Labs/lab2/index.php:0
[17-Sep-2018 21:05:02 UTC] PHP Parse error:  syntax error, unexpected end of file in /home/ubuntu/workspace/cst336/Labs/lab2/inc/functions.php on line 40
[17-Sep-2018 21:05:02 UTC] PHP Stack trace:
[17-Sep-2018 21:05:02 UTC] PHP   1. {main}() /home/ubuntu/workspace/cst336/Labs/lab2/index.php:0
[17-Sep-2018 21:05:04 UTC] PHP Parse error:  syntax error, unexpected end of file in /home/ubuntu/workspace/cst336/Labs/lab2/inc/functions.php on line 40
[17-Sep-2018 21:05:04 UTC] PHP Stack trace:
[17-Sep-2018 21:05:04 UTC] PHP   1. {main}() /home/ubuntu/workspace/cst336/Labs/lab2/index.php:0
[17-Sep-2018 21:05:04 UTC] PHP Parse error:  syntax error, unexpected end of file in /home/ubuntu/workspace/cst336/Labs/lab2/inc/functions.php on line 40
[17-Sep-2018 21:05:04 UTC] PHP Stack trace:
[17-Sep-2018 21:05:04 UTC] PHP   1. {main}() /home/ubuntu/workspace/cst336/Labs/lab2/index.php:0
[17-Sep-2018 21:05:05 UTC] PHP Parse error:  syntax error, unexpected end of file in /home/ubuntu/workspace/cst336/Labs/lab2/inc/functions.php on line 40
[17-Sep-2018 21:05:05 UTC] PHP Stack trace:
[17-Sep-2018 21:05:05 UTC] PHP   1. {main}() /home/ubuntu/workspace/cst336/Labs/lab2/index.php:0
[17-Sep-2018 21:17:04 UTC] PHP Parse error:  syntax error, unexpected 'print_r' (T_STRING) in /home/ubuntu/workspace/cst336/labs/lab3/arrays.php on line 6
[17-Sep-2018 21:17:05 UTC] PHP Parse error:  syntax error, unexpected 'print_r' (T_STRING) in /home/ubuntu/workspace/cst336/labs/lab3/arrays.php on line 6
[17-Sep-2018 21:17:06 UTC] PHP Parse error:  syntax error, unexpected 'print_r' (T_STRING) in /home/ubuntu/workspace/cst336/labs/lab3/arrays.php on line 6
[17-Sep-2018 21:23:01 UTC] PHP Warning:  Missing argument 1 for displayArray(), called in /home/ubuntu/workspace/cst336/labs/lab3/arrays.php on line 11 and defined in /home/ubuntu/workspace/cst336/labs/lab3/arrays.php on line 13
[17-Sep-2018 21:23:01 UTC] PHP Stack trace:
[17-Sep-2018 21:23:01 UTC] PHP   1. {main}() /home/ubuntu/workspace/cst336/labs/lab3/arrays.php:0
[17-Sep-2018 21:23:01 UTC] PHP   2. displayArray() /home/ubuntu/workspace/cst336/labs/lab3/arrays.php:11
[17-Sep-2018 21:23:02 UTC] PHP Warning:  Missing argument 1 for displayArray(), called in /home/ubuntu/workspace/cst336/labs/lab3/arrays.php on line 11 and defined in /home/ubuntu/workspace/cst336/labs/lab3/arrays.php on line 13
[17-Sep-2018 21:23:02 UTC] PHP Stack trace:
[17-Sep-2018 21:23:02 UTC] PHP   1. {main}() /home/ubuntu/workspace/cst336/labs/lab3/arrays.php:0
[17-Sep-2018 21:23:02 UTC] PHP   2. displayArray() /home/ubuntu/workspace/cst336/labs/lab3/arrays.php:11
[17-Sep-2018 21:23:32 UTC] PHP Parse error:  syntax error, unexpected '$symbols' (T_VARIABLE) in /home/ubuntu/workspace/cst336/labs/lab3/arrays.php on line 9
[17-Sep-2018 22:13:14 UTC] PHP Parse error:  syntax error, unexpected end of file in /home/ubuntu/workspace/cst336/labs/lab3/arrays.php on line 64
[17-Sep-2018 22:13:16 UTC] PHP Parse error:  syntax error, unexpected end of file in /home/ubuntu/workspace/cst336/labs/lab3/arrays.php on line 64
[17-Sep-2018 22:13:16 UTC] PHP Parse error:  syntax error, unexpected end of file in /home/ubuntu/workspace/cst336/labs/lab3/arrays.php on line 64
[17-Sep-2018 22:13:16 UTC] PHP Parse error:  syntax error, unexpected end of file in /home/ubuntu/workspace/cst336/labs/lab3/arrays.php on line 64
[17-Sep-2018 22:13:17 UTC] PHP Parse error:  syntax error, unexpected end of file in /home/ubuntu/workspace/cst336/labs/lab3/arrays.php on line 64
[20-Sep-2018 20:22:08 UTC] PHP Fatal error:  Call to undefined function play() in /home/ubuntu/workspace/cst336/labs/lab2/index.php on line 15
[20-Sep-2018 20:22:08 UTC] PHP Stack trace:
[20-Sep-2018 20:22:08 UTC] PHP   1. {main}() /home/ubuntu/workspace/cst336/labs/lab2/index.php:0
[20-Sep-2018 20:22:37 UTC] PHP Fatal error:  Call to undefined function play() in /home/ubuntu/workspace/cst336/labs/lab2/index.php on line 15
[20-Sep-2018 20:22:37 UTC] PHP Stack trace:
[20-Sep-2018 20:22:37 UTC] PHP   1. {main}() /home/ubuntu/workspace/cst336/labs/lab2/index.php:0
[20-Sep-2018 20:22:39 UTC] PHP Fatal error:  Call to undefined function play() in /home/ubuntu/workspace/cst336/labs/lab2/index.php on line 15
[20-Sep-2018 20:22:39 UTC] PHP Stack trace:
[20-Sep-2018 20:22:39 UTC] PHP   1. {main}() /home/ubuntu/workspace/cst336/labs/lab2/index.php:0
[20-Sep-2018 20:22:39 UTC] PHP Fatal error:  Call to undefined function play() in /home/ubuntu/workspace/cst336/labs/lab2/index.php on line 15
[20-Sep-2018 20:22:39 UTC] PHP Stack trace:
[20-Sep-2018 20:22:39 UTC] PHP   1. {main}() /home/ubuntu/workspace/cst336/labs/lab2/index.php:0
[20-Sep-2018 20:22:40 UTC] PHP Fatal error:  Call to undefined function play() in /home/ubuntu/workspace/cst336/labs/lab2/index.php on line 15
[20-Sep-2018 20:22:40 UTC] PHP Stack trace:
[20-Sep-2018 20:22:40 UTC] PHP   1. {main}() /home/ubuntu/workspace/cst336/labs/lab2/index.php:0
[20-Sep-2018 20:22:55 UTC] PHP Fatal error:  Call to undefined function play() in /home/ubuntu/workspace/cst336/labs/lab2/index.php on line 15
[20-Sep-2018 20:22:55 UTC] PHP Stack trace:
[20-Sep-2018 20:22:55 UTC] PHP   1. {main}() /home/ubuntu/workspace/cst336/labs/lab2/index.php:0
[20-Sep-2018 20:23:43 UTC] PHP Fatal error:  Call to undefined function play() in /home/ubuntu/workspace/cst336/labs/lab2/index.php on line 16
[20-Sep-2018 20:23:43 UTC] PHP Stack trace:
[20-Sep-2018 20:23:43 UTC] PHP   1. {main}() /home/ubuntu/workspace/cst336/labs/lab2/index.php:0
[20-Sep-2018 20:23:44 UTC] PHP Fatal error:  Call to undefined function play() in /home/ubuntu/workspace/cst336/labs/lab2/index.php on line 16
[20-Sep-2018 20:23:44 UTC] PHP Stack trace:
[20-Sep-2018 20:23:44 UTC] PHP   1. {main}() /home/ubuntu/workspace/cst336/labs/lab2/index.php:0
[20-Sep-2018 20:28:53 UTC] PHP Fatal error:  Call to undefined function play() in /home/ubuntu/workspace/cst336/labs/lab2/index.php on line 16
[20-Sep-2018 20:28:53 UTC] PHP Stack trace:
[20-Sep-2018 20:28:53 UTC] PHP   1. {main}() /home/ubuntu/workspace/cst336/labs/lab2/index.php:0
[20-Sep-2018 20:32:15 UTC] PHP Warning:  Missing argument 1 for displaySymbol(), called in /home/ubuntu/workspace/cst336/labs/lab2/index.php on line 16 and defined in /home/ubuntu/workspace/cst336/labs/lab2/inc/functions.php on line 3
[20-Sep-2018 20:32:15 UTC] PHP Stack trace:
[20-Sep-2018 20:32:15 UTC] PHP   1. {main}() /home/ubuntu/workspace/cst336/labs/lab2/index.php:0
[20-Sep-2018 20:32:15 UTC] PHP   2. displaySymbol() /home/ubuntu/workspace/cst336/labs/lab2/index.php:16
[20-Sep-2018 20:32:51 UTC] PHP Fatal error:  Call to undefined function play() in /home/ubuntu/workspace/cst336/labs/lab2/index.php on line 16
[20-Sep-2018 20:32:51 UTC] PHP Stack trace:
[20-Sep-2018 20:32:51 UTC] PHP   1. {main}() /home/ubuntu/workspace/cst336/labs/lab2/index.php:0
[20-Sep-2018 20:34:35 UTC] PHP Fatal error:  Call to undefined function play() in /home/ubuntu/workspace/cst336/labs/lab2/index.php on line 16
[20-Sep-2018 20:34:35 UTC] PHP Stack trace:
[20-Sep-2018 20:34:35 UTC] PHP   1. {main}() /home/ubuntu/workspace/cst336/labs/lab2/index.php:0
[20-Sep-2018 20:34:36 UTC] PHP Fatal error:  Call to undefined function play() in /home/ubuntu/workspace/cst336/labs/lab2/index.php on line 16
[20-Sep-2018 20:34:36 UTC] PHP Stack trace:
[20-Sep-2018 20:34:36 UTC] PHP   1. {main}() /home/ubuntu/workspace/cst336/labs/lab2/index.php:0
[20-Sep-2018 20:34:36 UTC] PHP Fatal error:  Call to undefined function play() in /home/ubuntu/workspace/cst336/labs/lab2/index.php on line 16
[20-Sep-2018 20:34:36 UTC] PHP Stack trace:
[20-Sep-2018 20:34:36 UTC] PHP   1. {main}() /home/ubuntu/workspace/cst336/labs/lab2/index.php:0
[20-Sep-2018 20:34:36 UTC] PHP Fatal error:  Call to undefined function play() in /home/ubuntu/workspace/cst336/labs/lab2/index.php on line 16
[20-Sep-2018 20:34:36 UTC] PHP Stack trace:
[20-Sep-2018 20:34:36 UTC] PHP   1. {main}() /home/ubuntu/workspace/cst336/labs/lab2/index.php:0
[20-Sep-2018 20:34:36 UTC] PHP Fatal error:  Call to undefined function play() in /home/ubuntu/workspace/cst336/labs/lab2/index.php on line 16
[20-Sep-2018 20:34:36 UTC] PHP Stack trace:
[20-Sep-2018 20:34:36 UTC] PHP   1. {main}() /home/ubuntu/workspace/cst336/labs/lab2/index.php:0
[20-Sep-2018 20:34:37 UTC] PHP Fatal error:  Call to undefined function play() in /home/ubuntu/workspace/cst336/labs/lab2/index.php on line 16
[20-Sep-2018 20:34:37 UTC] PHP Stack trace:
[20-Sep-2018 20:34:37 UTC] PHP   1. {main}() /home/ubuntu/workspace/cst336/labs/lab2/index.php:0
[20-Sep-2018 20:34:37 UTC] PHP Fatal error:  Call to undefined function play() in /home/ubuntu/workspace/cst336/labs/lab2/index.php on line 16
[20-Sep-2018 20:34:37 UTC] PHP Stack trace:
[20-Sep-2018 20:34:37 UTC] PHP   1. {main}() /home/ubuntu/workspace/cst336/labs/lab2/index.php:0
[20-Sep-2018 20:34:38 UTC] PHP Fatal error:  Call to undefined function play() in /home/ubuntu/workspace/cst336/labs/lab2/index.php on line 16
[20-Sep-2018 20:34:38 UTC] PHP Stack trace:
[20-Sep-2018 20:34:38 UTC] PHP   1. {main}() /home/ubuntu/workspace/cst336/labs/lab2/index.php:0
[20-Sep-2018 20:34:38 UTC] PHP Fatal error:  Call to undefined function play() in /home/ubuntu/workspace/cst336/labs/lab2/index.php on line 16
[20-Sep-2018 20:34:38 UTC] PHP Stack trace:
[20-Sep-2018 20:34:38 UTC] PHP   1. {main}() /home/ubuntu/workspace/cst336/labs/lab2/index.php:0
[20-Sep-2018 20:34:38 UTC] PHP Fatal error:  Call to undefined function play() in /home/ubuntu/workspace/cst336/labs/lab2/index.php on line 16
[20-Sep-2018 20:34:38 UTC] PHP Stack trace:
[20-Sep-2018 20:34:38 UTC] PHP   1. {main}() /home/ubuntu/workspace/cst336/labs/lab2/index.php:0
[20-Sep-2018 20:34:38 UTC] PHP Fatal error:  Call to undefined function play() in /home/ubuntu/workspace/cst336/labs/lab2/index.php on line 16
[20-Sep-2018 20:34:38 UTC] PHP Stack trace:
[20-Sep-2018 20:34:38 UTC] PHP   1. {main}() /home/ubuntu/workspace/cst336/labs/lab2/index.php:0
[20-Sep-2018 20:34:39 UTC] PHP Fatal error:  Call to undefined function play() in /home/ubuntu/workspace/cst336/labs/lab2/index.php on line 16
[20-Sep-2018 20:34:39 UTC] PHP Stack trace:
[20-Sep-2018 20:34:39 UTC] PHP   1. {main}() /home/ubuntu/workspace/cst336/labs/lab2/index.php:0
